[debug] [2024-12-29T12:54:53.478Z] ----------------------------------------------------------------------
[debug] [2024-12-29T12:54:53.482Z] Command:       /opt/homebrew/Cellar/node/23.5.0/bin/node /opt/homebrew/bin/firebase init
[debug] [2024-12-29T12:54:53.482Z] CLI Version:   13.29.1
[debug] [2024-12-29T12:54:53.482Z] Platform:      darwin
[debug] [2024-12-29T12:54:53.482Z] Node Version:  v23.5.0
[debug] [2024-12-29T12:54:53.482Z] Time:          Sun Dec 29 2024 18:24:53 GMT+0530 (India Standard Time)
[debug] [2024-12-29T12:54:53.482Z] ----------------------------------------------------------------------
[debug] 
[debug] [2024-12-29T12:54:53.511Z] > command requires scopes: ["email","openid","https://www.googleapis.com/auth/cloudplatformprojects.readonly","https://www.googleapis.com/auth/firebase","https://www.googleapis.com/auth/cloud-platform"]
[debug] [2024-12-29T12:54:53.511Z] > authorizing via signed-in user (it4b.in.2024@gmail.com)
[info] 
     ######## #### ########  ######## ########     ###     ######  ########
     ##        ##  ##     ## ##       ##     ##  ##   ##  ##       ##
     ######    ##  ########  ######   ########  #########  ######  ######
     ##        ##  ##    ##  ##       ##     ## ##     ##       ## ##
     ##       #### ##     ## ######## ########  ##     ##  ######  ########

You're about to initialize a Firebase project in this directory:

  /Users/ayushkumar/Documents/GitHub/myblogs

Before we get started, keep in mind:

  * You are initializing within an existing Firebase project directory

[info] 
=== Project Setup
[info] 
[info] First, let's associate this project directory with a Firebase project.
[info] You can create multiple project aliases by running firebase use --add, 
[info] but for now we'll just set up a default project.
[info] 
[debug] [2024-12-29T12:55:01.875Z] Using project from CLI flag: myblogs-124da
[debug] [2024-12-29T12:55:01.877Z] Checked if tokens are valid: true, expires at: 1735480291480
[debug] [2024-12-29T12:55:01.877Z] Checked if tokens are valid: true, expires at: 1735480291480
[debug] [2024-12-29T12:55:01.879Z] >>> [apiv2][query] GET https://firebase.googleapis.com/v1beta1/projects/myblogs-124da [none]
[debug] [2024-12-29T12:55:03.224Z] <<< [apiv2][status] GET https://firebase.googleapis.com/v1beta1/projects/myblogs-124da 200
[debug] [2024-12-29T12:55:03.224Z] <<< [apiv2][body] GET https://firebase.googleapis.com/v1beta1/projects/myblogs-124da {"projectId":"myblogs-124da","projectNumber":"33700612705","displayName":"myblogs","name":"projects/myblogs-124da","resources":{"hostingSite":"myblogs-124da","realtimeDatabaseInstance":"myblogs-124da-default-rtdb"},"state":"ACTIVE","etag":"1_470c75cc-73bc-4595-ad52-9f10a6944235"}
[info] i  Using project myblogs-124da (myblogs) 
[info] 
=== Hosting Setup
[debug] [2024-12-29T12:55:03.231Z] Checked if tokens are valid: true, expires at: 1735480291480
[debug] [2024-12-29T12:55:03.231Z] Checked if tokens are valid: true, expires at: 1735480291480
[debug] [2024-12-29T12:55:03.232Z] >>> [apiv2][query] GET https://firebase.googleapis.com/v1beta1/projects/myblogs-124da [none]
[debug] [2024-12-29T12:55:04.140Z] <<< [apiv2][status] GET https://firebase.googleapis.com/v1beta1/projects/myblogs-124da 200
[debug] [2024-12-29T12:55:04.141Z] <<< [apiv2][body] GET https://firebase.googleapis.com/v1beta1/projects/myblogs-124da {"projectId":"myblogs-124da","projectNumber":"33700612705","displayName":"myblogs","name":"projects/myblogs-124da","resources":{"hostingSite":"myblogs-124da","realtimeDatabaseInstance":"myblogs-124da-default-rtdb"},"state":"ACTIVE","etag":"1_470c75cc-73bc-4595-ad52-9f10a6944235"}
[info] 
[info] Your public directory is the folder (relative to your project directory) that
[info] will contain Hosting assets to be uploaded with firebase deploy. If you
[info] have a build process for your assets, use your build's output directory.
[info] 
[info] ✔  Wrote ./404.html 
[debug] [2024-12-29T12:55:34.724Z] >>> [apiv2][query] GET https://www.gstatic.com/firebasejs/releases.json [none]
[debug] [2024-12-29T12:55:35.166Z] <<< [apiv2][status] GET https://www.gstatic.com/firebasejs/releases.json 200
[debug] [2024-12-29T12:55:35.166Z] <<< [apiv2][body] GET https://www.gstatic.com/firebasejs/releases.json {"current":{"version":"11.1.0","browserURL":"https://www.gstatic.com/firebasejs/11.1.0/firebase.js","packageURL":"https://www.gstatic.com/firebasejs/11.1.0/firebase.tgz"},"live":{"version":"11.1","browserURL":"https://www.gstatic.com/firebasejs/live/11.1/firebase.js","packageURL":"https://www.gstatic.com/firebasejs/live/11.1/firebase.tgz"},"components":{"analytics":"https://www.gstatic.com/firebasejs/11.1.0/firebase-analytics.js","app":"https://www.gstatic.com/firebasejs/11.1.0/firebase-app.js","app-check":"https://www.gstatic.com/firebasejs/11.1.0/firebase-app-check.js","auth":"https://www.gstatic.com/firebasejs/11.1.0/firebase-auth.js","auth/cordova":"https://www.gstatic.com/firebasejs/11.1.0/firebase-auth/cordova.js","auth/web-extension":"https://www.gstatic.com/firebasejs/11.1.0/firebase-auth/web-extension.js","functions":"https://www.gstatic.com/firebasejs/11.1.0/firebase-functions.js","firestore":"https://www.gstatic.com/firebasejs/11.1.0/firebase-firestore.js","firestore/lite":"https://www.gstatic.com/firebasejs/11.1.0/firebase-firestore/lite.js","installations":"https://www.gstatic.com/firebasejs/11.1.0/firebase-installations.js","storage":"https://www.gstatic.com/firebasejs/11.1.0/firebase-storage.js","performance":"https://www.gstatic.com/firebasejs/11.1.0/firebase-performance.js","remote-config":"https://www.gstatic.com/firebasejs/11.1.0/firebase-remote-config.js","messaging":"https://www.gstatic.com/firebasejs/11.1.0/firebase-messaging.js","messaging/sw":"https://www.gstatic.com/firebasejs/11.1.0/firebase-messaging/sw.js","database":"https://www.gstatic.com/firebasejs/11.1.0/firebase-database.js","vertexai":"https://www.gstatic.com/firebasejs/11.1.0/firebase-vertexai.js","data-connect":"https://www.gstatic.com/firebasejs/11.1.0/firebase-data-connect.js","firestore.memory":"https://www.gstatic.com/firebasejs/11.1.0/firebase-firestore.memory.js"}}
[info] i  Skipping write of ./index.html 
[info] 
[info] i  Detected a .git folder at /Users/ayushkumar/Documents/GitHub/myblogs 
[info] i  Authorizing with GitHub to upload your service account to a GitHub repository's secrets store. 
[info] 
[info] Visit this URL on this device to log in:
[info] https://github.com/login/oauth/authorize?client_id=89cf50f02ac6aaed3484&state=277547022&redirect_uri=http%3A%2F%2Flocalhost%3A9005&scope=read%3Auser%20repo%20public_repo
[info] 
[info] Waiting for authentication...
[debug] [2024-12-29T12:55:41.615Z] >>> [apiv2][query] POST https://github.com/login/oauth/access_token [none]
[debug] [2024-12-29T12:55:41.615Z] >>> [apiv2][body] POST https://github.com/login/oauth/access_token [stream]
[debug] [2024-12-29T12:55:42.234Z] <<< [apiv2][status] POST https://github.com/login/oauth/access_token 200
[debug] [2024-12-29T12:55:42.234Z] <<< [apiv2][body] POST https://github.com/login/oauth/access_token {"access_token":"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","token_type":"bearer","scope":"read:user,repo"}
[debug] [2024-12-29T12:55:42.243Z] >>> [apiv2][query] GET https://api.github.com/user [none]
[debug] [2024-12-29T12:55:42.768Z] <<< [apiv2][status] GET https://api.github.com/user 200
[debug] [2024-12-29T12:55:42.768Z] <<< [apiv2][body] GET https://api.github.com/user {"login":"ayushkssk","id":48611956,"node_id":"MDQ6VXNlcjQ4NjExOTU2","avatar_url":"https://avatars.githubusercontent.com/u/48611956?v=4","gravatar_id":"","url":"https://api.github.com/users/ayushkssk","html_url":"https://github.com/ayushkssk","followers_url":"https://api.github.com/users/ayushkssk/followers","following_url":"https://api.github.com/users/ayushkssk/following{/other_user}","gists_url":"https://api.github.com/users/ayushkssk/gists{/gist_id}","starred_url":"https://api.github.com/users/ayushkssk/starred{/owner}{/repo}","subscriptions_url":"https://api.github.com/users/ayushkssk/subscriptions","organizations_url":"https://api.github.com/users/ayushkssk/orgs","repos_url":"https://api.github.com/users/ayushkssk/repos","events_url":"https://api.github.com/users/ayushkssk/events{/privacy}","received_events_url":"https://api.github.com/users/ayushkssk/received_events","type":"User","user_view_type":"private","site_admin":false,"name":"Ayush Singh","company":null,"blog":"","location":null,"email":null,"hireable":null,"bio":"I am a learner\r\nBCA Student","twitter_username":null,"notification_email":null,"public_repos":53,"public_gists":0,"followers":1,"following":4,"created_at":"2019-03-16T04:38:54Z","updated_at":"2024-12-23T17:23:21Z","private_gists":3,"total_private_repos":13,"owned_private_repos":13,"disk_usage":269270,"collaborators":0,"two_factor_authentication":true,"plan":{"name":"free","space":976562499,"collaborators":0,"private_repos":10000}}
[info] 
[info] ✔  Success! Logged into GitHub as ayushkssk 
[info] 
